<?xml version="1.0" encoding="UTF-8"?>
<!-- Generated by org.testng.reporters.JUnitXMLReporter -->
<testsuite hostname="WLPT764" name="Default test" tests="3" failures="0" timestamp="16 Oct 2018 09:36:35 GMT" time="11.034" errors="0">
  <testcase name="apiMethod" time="5.624" classname="restAPIAutomation.RestAPI.TestBase"/>
  <testcase name="apiMethod" time="2.777" classname="restAPIAutomation.RestAPI.TestBase"/>
  <testcase name="apiMethod" time="0.691" classname="restAPIAutomation.RestAPI.TestBase"/>
</testsuite> <!-- Default test -->
